--------------------------------------------------------------------------------
Release 14.7 Trace  (nt)
Copyright (c) 1995-2013 Xilinx, Inc.  All rights reserved.

C:\Xilinx\14.7\ISE_DS\ISE\bin\nt\unwrapped\trce.exe -intstyle ise -v 3 -s 5 -n
3 -fastpaths -xml alu48.twx alu48.ncd -o alu48.twr alu48.pcf -ucf alu48.ucf

Design file:              alu48.ncd
Physical constraint file: alu48.pcf
Device,package,speed:     xc3s250e,pq208,-5 (PRODUCTION 1.27 2013-10-13)
Report level:             verbose report

Environment Variable      Effect 
--------------------      ------ 
NONE                      No environment variables were set
--------------------------------------------------------------------------------

INFO:Timing:2698 - No timing constraints found, doing default enumeration.
INFO:Timing:3412 - To improve timing, see the Timing Closure User Guide (UG612).
INFO:Timing:2752 - To get complete path coverage, use the unconstrained paths 
   option. All paths that are not constrained will be reported in the 
   unconstrained paths section(s) of the report.
INFO:Timing:3339 - The clock-to-out numbers in this timing report are based on 
   a 50 Ohm transmission line loading model.  For the details of this model, 
   and for more information on accounting for different loading conditions, 
   please see the device datasheet.
INFO:Timing:3390 - This architecture does not support a default System Jitter 
   value, please add SYSTEM_JITTER constraint to the UCF to modify the Clock 
   Uncertainty calculation.
INFO:Timing:3389 - This architecture does not support 'Discrete Jitter' and 
   'Phase Error' calculations, these terms will be zero in the Clock 
   Uncertainty calculation.  Please make appropriate modification to 
   SYSTEM_JITTER to account for the unsupported Discrete Jitter and Phase 
   Error.



Data Sheet report:
-----------------
All values displayed in nanoseconds (ns)

Pad to Pad
---------------+---------------+---------+
Source Pad     |Destination Pad|  Delay  |
---------------+---------------+---------+
A<0>           |C_B            |   14.638|
A<0>           |Y<0>           |   14.322|
A<0>           |Y<1>           |   15.095|
A<0>           |Y<2>           |   15.562|
A<0>           |Y<3>           |   16.259|
A<1>           |C_B            |   14.418|
A<1>           |Y<0>           |   14.102|
A<1>           |Y<1>           |   14.875|
A<1>           |Y<2>           |   15.342|
A<1>           |Y<3>           |   16.039|
A<2>           |C_B            |   12.741|
A<2>           |Y<0>           |   12.425|
A<2>           |Y<1>           |   13.198|
A<2>           |Y<2>           |   13.665|
A<2>           |Y<3>           |   14.362|
A<3>           |C_B            |   11.655|
A<3>           |Y<0>           |   11.339|
A<3>           |Y<1>           |   12.112|
A<3>           |Y<2>           |   12.579|
A<3>           |Y<3>           |   13.276|
B<0>           |C_B            |   12.550|
B<0>           |Y<0>           |   12.234|
B<0>           |Y<1>           |   13.007|
B<0>           |Y<2>           |   13.474|
B<0>           |Y<3>           |   14.171|
B<1>           |C_B            |   13.628|
B<1>           |Y<0>           |   13.312|
B<1>           |Y<1>           |   14.085|
B<1>           |Y<2>           |   14.552|
B<1>           |Y<3>           |   15.249|
B<2>           |C_B            |   11.688|
B<2>           |Y<0>           |   11.372|
B<2>           |Y<1>           |   12.145|
B<2>           |Y<2>           |   12.612|
B<2>           |Y<3>           |   13.309|
B<3>           |C_B            |   11.539|
B<3>           |Y<0>           |   11.223|
B<3>           |Y<1>           |   11.996|
B<3>           |Y<2>           |   12.463|
B<3>           |Y<3>           |   13.160|
F<0>           |C_B            |    7.119|
F<0>           |Y<0>           |    6.329|
F<0>           |Y<1>           |    6.634|
F<0>           |Y<2>           |    7.708|
F<0>           |Y<3>           |    7.562|
F<1>           |C_B            |    7.631|
F<1>           |Y<0>           |    6.613|
F<1>           |Y<1>           |    7.387|
F<1>           |Y<2>           |    7.338|
F<1>           |Y<3>           |    7.716|
F<2>           |C_B            |    7.568|
F<2>           |Y<0>           |    5.919|
F<2>           |Y<1>           |    6.474|
F<2>           |Y<2>           |    6.412|
F<2>           |Y<3>           |    6.761|
---------------+---------------+---------+


Analysis completed Mon Oct 16 18:13:30 2023 
--------------------------------------------------------------------------------

Trace Settings:
-------------------------
Trace Settings 

Peak Memory Usage: 135 MB



