Release 14.7 - xst P.20131013 (nt64)
Copyright (c) 1995-2013 Xilinx, Inc.  All rights reserved.
--> Parameter TMPDIR set to xst/projnav.tmp


Total REAL time to Xst completion: 0.00 secs
Total CPU time to Xst completion: 0.09 secs
 
--> Parameter xsthdpdir set to xst


Total REAL time to Xst completion: 0.00 secs
Total CPU time to Xst completion: 0.09 secs
 
--> Reading design: alu48.prj

TABLE OF CONTENTS
  1) Synthesis Options Summary
  2) HDL Compilation
  3) Design Hierarchy Analysis
  4) HDL Analysis
  5) HDL Synthesis
     5.1) HDL Synthesis Report
  6) Advanced HDL Synthesis
     6.1) Advanced HDL Synthesis Report
  7) Low Level Synthesis
  8) Partition Report
  9) Final Report
	9.1) Device utilization summary
	9.2) Partition Resource Summary
	9.3) TIMING REPORT


=========================================================================
*                      Synthesis Options Summary                        *
=========================================================================
---- Source Parameters
Input File Name                    : "alu48.prj"
Input Format                       : mixed
Ignore Synthesis Constraint File   : NO

---- Target Parameters
Output File Name                   : "alu48"
Output Format                      : NGC
Target Device                      : xc3s250e-5-pq208

---- Source Options
Top Module Name                    : alu48
Automatic FSM Extraction           : YES
FSM Encoding Algorithm             : Auto
Safe Implementation                : No
FSM Style                          : LUT
RAM Extraction                     : Yes
RAM Style                          : Auto
ROM Extraction                     : Yes
Mux Style                          : Auto
Decoder Extraction                 : YES
Priority Encoder Extraction        : Yes
Shift Register Extraction          : YES
Logical Shifter Extraction         : YES
XOR Collapsing                     : YES
ROM Style                          : Auto
Mux Extraction                     : Yes
Resource Sharing                   : YES
Asynchronous To Synchronous        : NO
Multiplier Style                   : Auto
Automatic Register Balancing       : No

---- Target Options
Add IO Buffers                     : YES
Global Maximum Fanout              : 100000
Add Generic Clock Buffer(BUFG)     : 24
Register Duplication               : YES
Slice Packing                      : YES
Optimize Instantiated Primitives   : NO
Use Clock Enable                   : Yes
Use Synchronous Set                : Yes
Use Synchronous Reset              : Yes
Pack IO Registers into IOBs        : Auto
Equivalent register Removal        : YES

---- General Options
Optimization Goal                  : Speed
Optimization Effort                : 1
Keep Hierarchy                     : No
Netlist Hierarchy                  : As_Optimized
RTL Output                         : Yes
Global Optimization                : AllClockNets
Read Cores                         : YES
Write Timing Constraints           : NO
Cross Clock Analysis               : NO
Hierarchy Separator                : /
Bus Delimiter                      : <>
Case Specifier                     : Maintain
Slice Utilization Ratio            : 100
BRAM Utilization Ratio             : 100
Verilog 2001                       : YES
Auto BRAM Packing                  : NO
Slice Utilization Ratio Delta      : 5

=========================================================================


=========================================================================
*                          HDL Compilation                              *
=========================================================================
Compiling vhdl file "C:/Users/Arti/Documents/oneplusone/parta/alu48/alu48.vhd" in Library work.
Entity <alu48> compiled.
Entity <alu48> (Architecture <alu48_arch>) compiled.

=========================================================================
*                     Design Hierarchy Analysis                         *
=========================================================================
Analyzing hierarchy for entity <alu48> in library <work> (architecture <alu48_arch>).


=========================================================================
*                            HDL Analysis                               *
=========================================================================
Analyzing Entity <alu48> in library <work> (Architecture <alu48_arch>).
Entity <alu48> analyzed. Unit <alu48> generated.


=========================================================================
*                           HDL Synthesis                               *
=========================================================================

Performing bidirectional port resolution...

Synthesizing Unit <alu48>.
    Related source file is "C:/Users/Arti/Documents/oneplusone/parta/alu48/alu48.vhd".
    Found 5-bit 8-to-1 multiplexer for signal <result>.
    Found 5-bit adder for signal <result$addsub0000> created at line 60.
    Found 5-bit adder for signal <result$addsub0001> created at line 67.
    Found 4-bit comparator less for signal <result$cmp_lt0000> created at line 62.
    Found 5-bit addsub for signal <result$mux0007> created at line 62.
    Found 4-bit xor2 for signal <result$xor0000> created at line 56.
    Summary:
	inferred   3 Adder/Subtractor(s).
	inferred   1 Comparator(s).
	inferred   5 Multiplexer(s).
Unit <alu48> synthesized.

INFO:Xst:1767 - HDL ADVISOR - Resource sharing has identified that some arithmetic operations in this design can share the same physical resources for reduced device utilization. For improved clock frequency you may try to disable resource sharing.

=========================================================================
HDL Synthesis Report

Macro Statistics
# Adders/Subtractors                                   : 3
 5-bit adder                                           : 2
 5-bit addsub                                          : 1
# Comparators                                          : 1
 4-bit comparator less                                 : 1
# Multiplexers                                         : 1
 5-bit 8-to-1 multiplexer                              : 1
# Xors                                                 : 1
 4-bit xor2                                            : 1

=========================================================================

=========================================================================
*                       Advanced HDL Synthesis                          *
=========================================================================


=========================================================================
Advanced HDL Synthesis Report

Macro Statistics
# Adders/Subtractors                                   : 3
 5-bit adder                                           : 2
 5-bit addsub                                          : 1
# Comparators                                          : 1
 4-bit comparator less                                 : 1
# Multiplexers                                         : 1
 5-bit 8-to-1 multiplexer                              : 1
# Xors                                                 : 1
 4-bit xor2                                            : 1

=========================================================================

=========================================================================
*                         Low Level Synthesis                           *
=========================================================================

Optimizing unit <alu48> ...

Mapping all equations...
Building and optimizing final netlist ...
Found area constraint ratio of 100 (+ 5) on block alu48, actual ratio is 1.

Final Macro Processing ...

=========================================================================
Final Register Report

Found no macro
=========================================================================

=========================================================================
*                           Partition Report                            *
=========================================================================

Partition Implementation Status
-------------------------------

  No Partitions were found in this design.

-------------------------------

=========================================================================
*                            Final Report                               *
=========================================================================
Final Results
RTL Top Level Output File Name     : alu48.ngr
Top Level Output File Name         : alu48
Output Format                      : NGC
Optimization Goal                  : Speed
Keep Hierarchy                     : No

Design Statistics
# IOs                              : 16

Cell Usage :
# BELS                             : 61
#      LUT2                        : 3
#      LUT3                        : 19
#      LUT4                        : 17
#      MUXCY                       : 4
#      MUXF5                       : 9
#      MUXF6                       : 4
#      XORCY                       : 5
# IO Buffers                       : 16
#      IBUF                        : 11
#      OBUF                        : 5
=========================================================================

Device utilization summary:
---------------------------

Selected Device : 3s250epq208-5 

 Number of Slices:                       22  out of   2448     0%  
 Number of 4 input LUTs:                 39  out of   4896     0%  
 Number of IOs:                          16
 Number of bonded IOBs:                  16  out of    158    10%  

---------------------------
Partition Resource Summary:
---------------------------

  No Partitions were found in this design.

---------------------------


=========================================================================
TIMING REPORT

NOTE: THESE TIMING NUMBERS ARE ONLY A SYNTHESIS ESTIMATE.
      FOR ACCURATE TIMING INFORMATION PLEASE REFER TO THE TRACE REPORT
      GENERATED AFTER PLACE-and-ROUTE.

Clock Information:
------------------
No clock signals found in this design

Asynchronous Control Signals Information:
----------------------------------------
No asynchronous control signals found in this design

Timing Summary:
---------------
Speed Grade: -5

   Minimum period: No path found
   Minimum input arrival time before clock: No path found
   Maximum output required time after clock: No path found
   Maximum combinational path delay: 13.511ns

Timing Detail:
--------------
All values displayed in nanoseconds (ns)

=========================================================================
Timing constraint: Default path analysis
  Total number of paths / destination ports: 635 / 5
-------------------------------------------------------------------------
Delay:               13.511ns (Levels of Logic = 14)
  Source:            B<1> (PAD)
  Destination:       Y<3> (PAD)

  Data Path: B<1> to Y<3>
                                Gate     Net
    Cell:in->out      fanout   Delay   Delay  Logical Name (Net Name)
    ----------------------------------------  ------------
     IBUF:I->O             9   1.106   0.849  B_1_IBUF (B_1_IBUF)
     LUT4:I0->O            1   0.612   0.387  result_cmp_lt00002 (result_cmp_lt00001)
     LUT3:I2->O            5   0.612   0.568  result_cmp_lt00001_SW0 (N4)
     LUT3:I2->O            6   0.612   0.599  result_cmp_lt00001 (result_cmp_lt0000)
     LUT3:I2->O            1   0.612   0.509  result_mux0008<0>1 (result_mux0008<0>)
     LUT4:I0->O            1   0.612   0.000  Maddsub_result_mux0007_lut<0> (Maddsub_result_mux0007_lut<0>)
     MUXCY:S->O            1   0.404   0.000  Maddsub_result_mux0007_cy<0> (Maddsub_result_mux0007_cy<0>)
     MUXCY:CI->O           1   0.051   0.000  Maddsub_result_mux0007_cy<1> (Maddsub_result_mux0007_cy<1>)
     MUXCY:CI->O           1   0.051   0.000  Maddsub_result_mux0007_cy<2> (Maddsub_result_mux0007_cy<2>)
     XORCY:CI->O           1   0.699   0.360  Maddsub_result_mux0007_xor<3> (result_mux0007<3>)
     LUT4:I3->O            1   0.612   0.000  Mmux_result_43 (Mmux_result_43)
     MUXF5:I1->O           1   0.278   0.000  Mmux_result_3_f5_2 (Mmux_result_3_f53)
     MUXF6:I1->O           1   0.451   0.357  Mmux_result_2_f6_2 (Y_3_OBUF)
     OBUF:I->O                 3.169          Y_3_OBUF (Y<3>)
    ----------------------------------------
    Total                     13.511ns (9.882ns logic, 3.629ns route)
                                       (73.1% logic, 26.9% route)

=========================================================================


Total REAL time to Xst completion: 4.00 secs
Total CPU time to Xst completion: 3.61 secs
 
--> 

Total memory usage is 4499352 kilobytes

Number of errors   :    0 (   0 filtered)
Number of warnings :    0 (   0 filtered)
Number of infos    :    1 (   0 filtered)

