Command line:
   alu48_tb_isim_beh.exe
     -simmode  gui
     -simrunnum  0
     -socket  51595

Fri Nov 17 21:40:18 2023


 Elaboration Time: 0.046875 sec

 Current Memory Usage: 5150.46 Meg

 Total Signals          : 11
 Total Nets             : 21
 Total Signal Drivers   : 4
 Total Blocks           : 5
 Total Primitive Blocks : 4
 Total Processes        : 4
 Total Traceable Variables  : 10
 Total Scalar Nets and Variables : 399
Total Line Count : 19

 Total Simulation Time: 0.046875 sec

 Current Memory Usage: 5150.46 Meg

Fri Nov 17 21:40:26 2023

