Command line:
   USR44_TB_isim_beh.exe
     -simmode  gui
     -simrunnum  0
     -socket  54428

Tue Sep 27 18:03:48 2022


 Elaboration Time: 0.015625 sec

 Current Memory Usage: 821.24 Meg

 Total Signals          : 16
 Total Nets             : 19
 Total Signal Drivers   : 7
 Total Blocks           : 5
 Total Primitive Blocks : 4
 Total Processes        : 5
 Total Traceable Variables  : 11
 Total Scalar Nets and Variables : 398
Total Line Count : 57

 Total Simulation Time: 0.234375 sec

 Current Memory Usage: 663.691 Meg

Tue Sep 27 18:05:42 2022

