--------------------------------------------------------------------------------
Release 14.7 Trace  (nt)
Copyright (c) 1995-2013 Xilinx, Inc.  All rights reserved.

C:\Xilinx\14.7\ISE_DS\ISE\bin\nt\unwrapped\trce.exe -intstyle ise -v 3 -s 5 -n
3 -fastpaths -xml USR44.twx USR44.ncd -o USR44.twr USR44.pcf -ucf USR44.ucf

Design file:              USR44.ncd
Physical constraint file: USR44.pcf
Device,package,speed:     xc3s250e,pq208,-5 (PRODUCTION 1.27 2013-10-13)
Report level:             verbose report

Environment Variable      Effect 
--------------------      ------ 
NONE                      No environment variables were set
--------------------------------------------------------------------------------

INFO:Timing:2698 - No timing constraints found, doing default enumeration.
INFO:Timing:3412 - To improve timing, see the Timing Closure User Guide (UG612).
INFO:Timing:2752 - To get complete path coverage, use the unconstrained paths 
   option. All paths that are not constrained will be reported in the 
   unconstrained paths section(s) of the report.
INFO:Timing:3339 - The clock-to-out numbers in this timing report are based on 
   a 50 Ohm transmission line loading model.  For the details of this model, 
   and for more information on accounting for different loading conditions, 
   please see the device datasheet.
INFO:Timing:3390 - This architecture does not support a default System Jitter 
   value, please add SYSTEM_JITTER constraint to the UCF to modify the Clock 
   Uncertainty calculation.
INFO:Timing:3389 - This architecture does not support 'Discrete Jitter' and 
   'Phase Error' calculations, these terms will be zero in the Clock 
   Uncertainty calculation.  Please make appropriate modification to 
   SYSTEM_JITTER to account for the unsupported Discrete Jitter and Phase 
   Error.



Data Sheet report:
-----------------
All values displayed in nanoseconds (ns)

Setup/Hold to clock CLK
------------+------------+------------+------------------+--------+
            |Max Setup to|Max Hold to |                  | Clock  |
Source      | clk (edge) | clk (edge) |Internal Clock(s) | Phase  |
------------+------------+------------+------------------+--------+
MODE<0>     |    2.184(R)|   -0.106(R)|CLK_BUFGP         |   0.000|
MODE<1>     |    1.894(R)|    0.162(R)|CLK_BUFGP         |   0.000|
P_IN<0>     |    1.273(R)|    0.082(R)|CLK_BUFGP         |   0.000|
P_IN<1>     |    0.917(R)|    0.368(R)|CLK_BUFGP         |   0.000|
P_IN<2>     |    0.529(R)|    0.678(R)|CLK_BUFGP         |   0.000|
P_IN<3>     |    0.861(R)|    0.412(R)|CLK_BUFGP         |   0.000|
RST         |    1.314(R)|    0.241(R)|CLK_BUFGP         |   0.000|
S_IN        |    1.399(R)|    0.008(R)|CLK_BUFGP         |   0.000|
------------+------------+------------+------------------+--------+

Clock CLK to Pad
------------+------------+------------------+--------+
            | clk (edge) |                  | Clock  |
Destination |   to PAD   |Internal Clock(s) | Phase  |
------------+------------+------------------+--------+
P_OUT<0>    |    7.542(R)|CLK_BUFGP         |   0.000|
P_OUT<1>    |    7.110(R)|CLK_BUFGP         |   0.000|
P_OUT<2>    |    6.935(R)|CLK_BUFGP         |   0.000|
P_OUT<3>    |    6.926(R)|CLK_BUFGP         |   0.000|
S_OUT       |    7.596(R)|CLK_BUFGP         |   0.000|
------------+------------+------------------+--------+

Clock to Setup on destination clock CLK
---------------+---------+---------+---------+---------+
               | Src:Rise| Src:Fall| Src:Rise| Src:Fall|
Source Clock   |Dest:Rise|Dest:Rise|Dest:Fall|Dest:Fall|
---------------+---------+---------+---------+---------+
CLK            |    2.245|         |         |         |
---------------+---------+---------+---------+---------+


Analysis completed Sat Nov 18 00:05:21 2023 
--------------------------------------------------------------------------------

Trace Settings:
-------------------------
Trace Settings 

Peak Memory Usage: 134 MB



